{"/Users/songhao/Library/Application Support/Screeps/scripts/screeps.com/default/src/ai/GlobalDispatch.ts": {"path":"/Users/songhao/Library/Application Support/Screeps/scripts/screeps.com/default/src/ai/GlobalDispatch.ts","statementMap":{"0":{"start":{"line":1,"column":0},"end":{"line":1,"column":null}},"1":{"start":{"line":11,"column":23},"end":{"line":25,"column":2}},"2":{"start":{"line":29,"column":4},"end":{"line":43,"column":5}},"3":{"start":{"line":30,"column":6},"end":{"line":42,"column":8}},"4":{"start":{"line":46,"column":4},"end":{"line":46,"column":43}},"5":{"start":{"line":46,"column":24},"end":{"line":46,"column":43}},"6":{"start":{"line":47,"column":4},"end":{"line":49,"column":5}},"7":{"start":{"line":48,"column":8},"end":{"line":48,"column":51}},"8":{"start":{"line":52,"column":4},"end":{"line":64,"column":5}},"9":{"start":{"line":53,"column":25},"end":{"line":60,"column":8}},"10":{"start":{"line":61,"column":6},"end":{"line":63,"column":9}},"11":{"start":{"line":62,"column":8},"end":{"line":62,"column":71}},"12":{"start":{"line":62,"column":40},"end":{"line":62,"column":71}},"13":{"start":{"line":66,"column":4},"end":{"line":68,"column":5}},"14":{"start":{"line":67,"column":6},"end":{"line":67,"column":38}},"15":{"start":{"line":72,"column":4},"end":{"line":90,"column":5}},"16":{"start":{"line":73,"column":6},"end":{"line":73,"column":18}},"17":{"start":{"line":77,"column":6},"end":{"line":79,"column":7}},"18":{"start":{"line":78,"column":10},"end":{"line":78,"column":25}},"19":{"start":{"line":82,"column":6},"end":{"line":82,"column":26}},"20":{"start":{"line":84,"column":6},"end":{"line":86,"column":8}},"21":{"start":{"line":87,"column":6},"end":{"line":89,"column":7}},"22":{"start":{"line":88,"column":8},"end":{"line":88,"column":33}},"23":{"start":{"line":94,"column":4},"end":{"line":94,"column":16}},"24":{"start":{"line":97,"column":26},"end":{"line":97,"column":67}},"25":{"start":{"line":98,"column":18},"end":{"line":98,"column":67}},"26":{"start":{"line":99,"column":4},"end":{"line":108,"column":5}},"27":{"start":{"line":100,"column":8},"end":{"line":100,"column":110}},"28":{"start":{"line":101,"column":8},"end":{"line":101,"column":27}},"29":{"start":{"line":104,"column":8},"end":{"line":107,"column":9}},"30":{"start":{"line":105,"column":13},"end":{"line":105,"column":81}},"31":{"start":{"line":106,"column":13},"end":{"line":106,"column":20}},"32":{"start":{"line":110,"column":4},"end":{"line":110,"column":47}},"33":{"start":{"line":110,"column":40},"end":{"line":110,"column":47}},"34":{"start":{"line":113,"column":4},"end":{"line":113,"column":37}},"35":{"start":{"line":114,"column":4},"end":{"line":114,"column":34}},"36":{"start":{"line":115,"column":4},"end":{"line":115,"column":36}},"37":{"start":{"line":116,"column":4},"end":{"line":116,"column":21}},"38":{"start":{"line":117,"column":4},"end":{"line":117,"column":21}},"39":{"start":{"line":119,"column":4},"end":{"line":119,"column":55}},"40":{"start":{"line":119,"column":30},"end":{"line":119,"column":55}},"41":{"start":{"line":120,"column":4},"end":{"line":120,"column":42}},"42":{"start":{"line":121,"column":4},"end":{"line":121,"column":56}},"43":{"start":{"line":125,"column":4},"end":{"line":125,"column":16}},"44":{"start":{"line":128,"column":4},"end":{"line":128,"column":42}},"45":{"start":{"line":130,"column":4},"end":{"line":130,"column":71}},"46":{"start":{"line":130,"column":46},"end":{"line":130,"column":69}},"47":{"start":{"line":134,"column":4},"end":{"line":134,"column":55}},"48":{"start":{"line":134,"column":38},"end":{"line":134,"column":55}},"49":{"start":{"line":136,"column":18},"end":{"line":136,"column":44}},"50":{"start":{"line":137,"column":18},"end":{"line":137,"column":65}},"51":{"start":{"line":137,"column":41},"end":{"line":137,"column":64}},"52":{"start":{"line":139,"column":4},"end":{"line":146,"column":5}},"53":{"start":{"line":140,"column":19},"end":{"line":140,"column":31}},"54":{"start":{"line":144,"column":6},"end":{"line":144,"column":29}},"55":{"start":{"line":145,"column":6},"end":{"line":145,"column":18}},"56":{"start":{"line":147,"column":4},"end":{"line":147,"column":21}},"57":{"start":{"line":151,"column":19},"end":{"line":151,"column":39}},"58":{"start":{"line":152,"column":6},"end":{"line":152,"column":24}},"59":{"start":{"line":152,"column":17},"end":{"line":152,"column":24}},"60":{"start":{"line":154,"column":6},"end":{"line":154,"column":38}},"61":{"start":{"line":155,"column":6},"end":{"line":155,"column":38}},"62":{"start":{"line":156,"column":6},"end":{"line":156,"column":41}},"63":{"start":{"line":156,"column":24},"end":{"line":156,"column":41}},"64":{"start":{"line":157,"column":6},"end":{"line":157,"column":30}},"65":{"start":{"line":158,"column":6},"end":{"line":158,"column":45}},"66":{"start":{"line":160,"column":25},"end":{"line":160,"column":64}},"67":{"start":{"line":162,"column":6},"end":{"line":176,"column":7}},"68":{"start":{"line":163,"column":10},"end":{"line":163,"column":99}},"69":{"start":{"line":164,"column":10},"end":{"line":164,"column":34}},"70":{"start":{"line":171,"column":10},"end":{"line":171,"column":110}},"71":{"start":{"line":172,"column":10},"end":{"line":172,"column":43}},"72":{"start":{"line":174,"column":24},"end":{"line":174,"column":61}},"73":{"start":{"line":175,"column":10},"end":{"line":175,"column":58}},"74":{"start":{"line":175,"column":39},"end":{"line":175,"column":58}},"75":{"start":{"line":180,"column":4},"end":{"line":180,"column":42}},"76":{"start":{"line":186,"column":19},"end":{"line":186,"column":57}},"77":{"start":{"line":187,"column":4},"end":{"line":187,"column":34}},"78":{"start":{"line":187,"column":17},"end":{"line":187,"column":34}},"79":{"start":{"line":188,"column":4},"end":{"line":188,"column":32}},"80":{"start":{"line":192,"column":4},"end":{"line":192,"column":59}},"81":{"start":{"line":192,"column":52},"end":{"line":192,"column":59}},"82":{"start":{"line":194,"column":17},"end":{"line":194,"column":46}},"83":{"start":{"line":195,"column":4},"end":{"line":195,"column":22}},"84":{"start":{"line":195,"column":15},"end":{"line":195,"column":22}},"85":{"start":{"line":198,"column":4},"end":{"line":198,"column":41}},"86":{"start":{"line":201,"column":18},"end":{"line":201,"column":55}},"87":{"start":{"line":202,"column":4},"end":{"line":207,"column":5}},"88":{"start":{"line":203,"column":18},"end":{"line":203,"column":39}},"89":{"start":{"line":204,"column":6},"end":{"line":206,"column":7}},"90":{"start":{"line":205,"column":8},"end":{"line":205,"column":29}},"91":{"start":{"line":212,"column":4},"end":{"line":218,"column":5}},"92":{"start":{"line":217,"column":6},"end":{"line":217,"column":50}},"93":{"start":{"line":221,"column":17},"end":{"line":221,"column":37}},"94":{"start":{"line":222,"column":4},"end":{"line":265,"column":5}},"95":{"start":{"line":226,"column":6},"end":{"line":226,"column":57}},"96":{"start":{"line":226,"column":32},"end":{"line":226,"column":57}},"97":{"start":{"line":227,"column":18},"end":{"line":227,"column":54}},"98":{"start":{"line":228,"column":6},"end":{"line":230,"column":7}},"99":{"start":{"line":229,"column":8},"end":{"line":229,"column":43}},"100":{"start":{"line":232,"column":6},"end":{"line":232,"column":38}},"101":{"start":{"line":234,"column":30},"end":{"line":241,"column":8}},"102":{"start":{"line":243,"column":6},"end":{"line":264,"column":7}},"103":{"start":{"line":244,"column":8},"end":{"line":263,"column":9}},"104":{"start":{"line":245,"column":10},"end":{"line":245,"column":45}},"105":{"start":{"line":256,"column":25},"end":{"line":256,"column":62}},"106":{"start":{"line":257,"column":24},"end":{"line":257,"column":45}},"107":{"start":{"line":258,"column":11},"end":{"line":258,"column":48}},"108":{"start":{"line":258,"column":26},"end":{"line":258,"column":48}},"109":{"start":{"line":269,"column":4},"end":{"line":269,"column":65}},"110":{"start":{"line":269,"column":58},"end":{"line":269,"column":65}},"111":{"start":{"line":271,"column":18},"end":{"line":271,"column":36}},"112":{"start":{"line":272,"column":19},"end":{"line":272,"column":44}},"113":{"start":{"line":273,"column":16},"end":{"line":273,"column":25}},"114":{"start":{"line":275,"column":17},"end":{"line":275,"column":80}},"115":{"start":{"line":276,"column":18},"end":{"line":276,"column":19}},"116":{"start":{"line":277,"column":24},"end":{"line":277,"column":65}},"117":{"start":{"line":280,"column":4},"end":{"line":292,"column":5}},"118":{"start":{"line":281,"column":6},"end":{"line":291,"column":7}},"119":{"start":{"line":282,"column":23},"end":{"line":282,"column":59}},"120":{"start":{"line":283,"column":8},"end":{"line":290,"column":9}},"121":{"start":{"line":286,"column":10},"end":{"line":286,"column":45}},"122":{"start":{"line":289,"column":10},"end":{"line":289,"column":54}},"123":{"start":{"line":295,"column":18},"end":{"line":295,"column":39}},"124":{"start":{"line":296,"column":16},"end":{"line":296,"column":34}},"125":{"start":{"line":299,"column":18},"end":{"line":299,"column":48}},"126":{"start":{"line":300,"column":28},"end":{"line":300,"column":55}},"127":{"start":{"line":302,"column":4},"end":{"line":343,"column":5}},"128":{"start":{"line":303,"column":21},"end":{"line":303,"column":30}},"129":{"start":{"line":306,"column":8},"end":{"line":307,"column":33}},"130":{"start":{"line":306,"column":25},"end":{"line":306,"column":78}},"131":{"start":{"line":307,"column":13},"end":{"line":307,"column":33}},"132":{"start":{"line":309,"column":27},"end":{"line":309,"column":32}},"133":{"start":{"line":312,"column":8},"end":{"line":324,"column":9}},"134":{"start":{"line":313,"column":12},"end":{"line":313,"column":95}},"135":{"start":{"line":313,"column":75},"end":{"line":313,"column":95}},"136":{"start":{"line":314,"column":15},"end":{"line":324,"column":9}},"137":{"start":{"line":315,"column":12},"end":{"line":315,"column":92}},"138":{"start":{"line":315,"column":72},"end":{"line":315,"column":92}},"139":{"start":{"line":316,"column":15},"end":{"line":324,"column":9}},"140":{"start":{"line":318,"column":13},"end":{"line":323,"column":14}},"141":{"start":{"line":319,"column":17},"end":{"line":319,"column":50}},"142":{"start":{"line":320,"column":17},"end":{"line":320,"column":37}},"143":{"start":{"line":327,"column":8},"end":{"line":337,"column":9}},"144":{"start":{"line":331,"column":12},"end":{"line":336,"column":13}},"145":{"start":{"line":332,"column":16},"end":{"line":332,"column":36}},"146":{"start":{"line":333,"column":19},"end":{"line":336,"column":13}},"147":{"start":{"line":335,"column":16},"end":{"line":335,"column":36}},"148":{"start":{"line":339,"column":8},"end":{"line":342,"column":9}},"149":{"start":{"line":340,"column":12},"end":{"line":340,"column":32}},"150":{"start":{"line":341,"column":12},"end":{"line":341,"column":22}},"151":{"start":{"line":346,"column":16},"end":{"line":346,"column":34}},"152":{"start":{"line":347,"column":4},"end":{"line":347,"column":157}},"153":{"start":{"line":348,"column":4},"end":{"line":348,"column":132}},"154":{"start":{"line":353,"column":4},"end":{"line":353,"column":92}},"155":{"start":{"line":353,"column":85},"end":{"line":353,"column":92}},"156":{"start":{"line":355,"column":23},"end":{"line":357,"column":6}},"157":{"start":{"line":356,"column":21},"end":{"line":356,"column":70}},"158":{"start":{"line":359,"column":4},"end":{"line":359,"column":40}},"159":{"start":{"line":359,"column":33},"end":{"line":359,"column":40}},"160":{"start":{"line":361,"column":23},"end":{"line":368,"column":6}},"161":{"start":{"line":370,"column":4},"end":{"line":427,"column":5}},"162":{"start":{"line":371,"column":20},"end":{"line":371,"column":58}},"163":{"start":{"line":372,"column":6},"end":{"line":372,"column":39}},"164":{"start":{"line":372,"column":30},"end":{"line":372,"column":39}},"165":{"start":{"line":375,"column":6},"end":{"line":383,"column":7}},"166":{"start":{"line":376,"column":8},"end":{"line":382,"column":11}},"167":{"start":{"line":377,"column":24},"end":{"line":377,"column":50}},"168":{"start":{"line":378,"column":24},"end":{"line":378,"column":50}},"169":{"start":{"line":379,"column":26},"end":{"line":379,"column":50}},"170":{"start":{"line":380,"column":26},"end":{"line":380,"column":50}},"171":{"start":{"line":381,"column":10},"end":{"line":381,"column":35}},"172":{"start":{"line":385,"column":6},"end":{"line":426,"column":7}},"173":{"start":{"line":385,"column":19},"end":{"line":385,"column":20}},"174":{"start":{"line":386,"column":23},"end":{"line":386,"column":31}},"175":{"start":{"line":387,"column":8},"end":{"line":389,"column":9}},"176":{"start":{"line":388,"column":11},"end":{"line":388,"column":30}},"177":{"start":{"line":388,"column":31},"end":{"line":388,"column":35}},"178":{"start":{"line":388,"column":36},"end":{"line":388,"column":45}},"179":{"start":{"line":390,"column":21},"end":{"line":390,"column":50}},"180":{"start":{"line":392,"column":8},"end":{"line":396,"column":9}},"181":{"start":{"line":393,"column":10},"end":{"line":393,"column":29}},"182":{"start":{"line":394,"column":10},"end":{"line":394,"column":14}},"183":{"start":{"line":395,"column":10},"end":{"line":395,"column":19}},"184":{"start":{"line":401,"column":8},"end":{"line":405,"column":9}},"185":{"start":{"line":402,"column":13},"end":{"line":402,"column":32}},"186":{"start":{"line":403,"column":13},"end":{"line":403,"column":17}},"187":{"start":{"line":404,"column":13},"end":{"line":404,"column":22}},"188":{"start":{"line":407,"column":8},"end":{"line":407,"column":59}},"189":{"start":{"line":407,"column":34},"end":{"line":407,"column":59}},"190":{"start":{"line":408,"column":8},"end":{"line":408,"column":67}},"191":{"start":{"line":408,"column":58},"end":{"line":408,"column":67}},"192":{"start":{"line":410,"column":26},"end":{"line":410,"column":62}},"193":{"start":{"line":411,"column":8},"end":{"line":425,"column":9}},"194":{"start":{"line":412,"column":10},"end":{"line":412,"column":62}},"195":{"start":{"line":413,"column":10},"end":{"line":413,"column":49}},"196":{"start":{"line":416,"column":10},"end":{"line":419,"column":11}},"197":{"start":{"line":417,"column":14},"end":{"line":417,"column":47}},"198":{"start":{"line":418,"column":14},"end":{"line":418,"column":46}},"199":{"start":{"line":421,"column":24},"end":{"line":421,"column":53}},"200":{"start":{"line":422,"column":10},"end":{"line":422,"column":38}},"201":{"start":{"line":424,"column":10},"end":{"line":424,"column":46}},"202":{"start":{"line":424,"column":39},"end":{"line":424,"column":46}},"203":{"start":{"line":433,"column":23},"end":{"line":451,"column":6}},"204":{"start":{"line":434,"column":6},"end":{"line":436,"column":7}},"205":{"start":{"line":435,"column":8},"end":{"line":435,"column":67}},"206":{"start":{"line":435,"column":54},"end":{"line":435,"column":67}},"207":{"start":{"line":437,"column":6},"end":{"line":442,"column":7}},"208":{"start":{"line":438,"column":25},"end":{"line":439,"column":null}},"209":{"start":{"line":439,"column":20},"end":{"line":439,"column":50}},"210":{"start":{"line":441,"column":8},"end":{"line":441,"column":36}},"211":{"start":{"line":441,"column":23},"end":{"line":441,"column":36}},"212":{"start":{"line":443,"column":6},"end":{"line":445,"column":7}},"213":{"start":{"line":444,"column":8},"end":{"line":444,"column":80}},"214":{"start":{"line":444,"column":67},"end":{"line":444,"column":80}},"215":{"start":{"line":446,"column":6},"end":{"line":449,"column":7}},"216":{"start":{"line":447,"column":22},"end":{"line":447,"column":48}},"217":{"start":{"line":448,"column":8},"end":{"line":448,"column":73}},"218":{"start":{"line":448,"column":60},"end":{"line":448,"column":73}},"219":{"start":{"line":450,"column":6},"end":{"line":450,"column":18}},"220":{"start":{"line":453,"column":4},"end":{"line":453,"column":45}},"221":{"start":{"line":453,"column":33},"end":{"line":453,"column":45}},"222":{"start":{"line":455,"column":4},"end":{"line":463,"column":10}},"223":{"start":{"line":456,"column":25},"end":{"line":456,"column":75}},"224":{"start":{"line":457,"column":25},"end":{"line":457,"column":75}},"225":{"start":{"line":458,"column":20},"end":{"line":458,"column":46}},"226":{"start":{"line":459,"column":20},"end":{"line":459,"column":46}},"227":{"start":{"line":460,"column":25},"end":{"line":460,"column":48}},"228":{"start":{"line":461,"column":25},"end":{"line":461,"column":48}},"229":{"start":{"line":462,"column":6},"end":{"line":462,"column":65}},"230":{"start":{"line":27,"column":0},"end":{"line":27,"column":13}}},"fnMap":{"0":{"name":"(anonymous_0)","decl":{"start":{"line":28,"column":2},"end":{"line":28,"column":8}},"loc":{"start":{"line":28,"column":13},"end":{"line":69,"column":3}}},"1":{"name":"(anonymous_1)","decl":{"start":{"line":61,"column":25},"end":{"line":61,"column":26}},"loc":{"start":{"line":61,"column":31},"end":{"line":63,"column":7}}},"2":{"name":"(anonymous_2)","decl":{"start":{"line":71,"column":2},"end":{"line":71,"column":8}},"loc":{"start":{"line":71,"column":23},"end":{"line":91,"column":3}}},"3":{"name":"(anonymous_3)","decl":{"start":{"line":93,"column":2},"end":{"line":93,"column":8}},"loc":{"start":{"line":93,"column":32},"end":{"line":122,"column":3}}},"4":{"name":"(anonymous_4)","decl":{"start":{"line":124,"column":2},"end":{"line":124,"column":8}},"loc":{"start":{"line":124,"column":42},"end":{"line":131,"column":3}}},"5":{"name":"(anonymous_5)","decl":{"start":{"line":130,"column":36},"end":{"line":130,"column":37}},"loc":{"start":{"line":130,"column":46},"end":{"line":130,"column":69}}},"6":{"name":"(anonymous_6)","decl":{"start":{"line":133,"column":2},"end":{"line":133,"column":8}},"loc":{"start":{"line":133,"column":42},"end":{"line":148,"column":3}}},"7":{"name":"(anonymous_7)","decl":{"start":{"line":137,"column":34},"end":{"line":137,"column":35}},"loc":{"start":{"line":137,"column":41},"end":{"line":137,"column":64}}},"8":{"name":"(anonymous_8)","decl":{"start":{"line":150,"column":2},"end":{"line":150,"column":8}},"loc":{"start":{"line":150,"column":53},"end":{"line":177,"column":3}}},"9":{"name":"(anonymous_9)","decl":{"start":{"line":179,"column":2},"end":{"line":179,"column":8}},"loc":{"start":{"line":179,"column":31},"end":{"line":181,"column":3}}},"10":{"name":"(anonymous_10)","decl":{"start":{"line":185,"column":2},"end":{"line":185,"column":8}},"loc":{"start":{"line":185,"column":37},"end":{"line":189,"column":3}}},"11":{"name":"(anonymous_11)","decl":{"start":{"line":191,"column":2},"end":{"line":191,"column":8}},"loc":{"start":{"line":191,"column":34},"end":{"line":208,"column":3}}},"12":{"name":"(anonymous_12)","decl":{"start":{"line":210,"column":2},"end":{"line":210,"column":8}},"loc":{"start":{"line":210,"column":53},"end":{"line":266,"column":3}}},"13":{"name":"(anonymous_13)","decl":{"start":{"line":268,"column":10},"end":{"line":268,"column":16}},"loc":{"start":{"line":268,"column":47},"end":{"line":349,"column":3}}},"14":{"name":"(anonymous_14)","decl":{"start":{"line":351,"column":10},"end":{"line":351,"column":16}},"loc":{"start":{"line":351,"column":36},"end":{"line":428,"column":3}}},"15":{"name":"(anonymous_15)","decl":{"start":{"line":356,"column":14},"end":{"line":356,"column":15}},"loc":{"start":{"line":356,"column":21},"end":{"line":356,"column":70}}},"16":{"name":"(anonymous_16)","decl":{"start":{"line":376,"column":19},"end":{"line":376,"column":20}},"loc":{"start":{"line":376,"column":32},"end":{"line":382,"column":9}}},"17":{"name":"(anonymous_17)","decl":{"start":{"line":431,"column":10},"end":{"line":431,"column":16}},"loc":{"start":{"line":431,"column":58},"end":{"line":464,"column":3}}},"18":{"name":"(anonymous_18)","decl":{"start":{"line":433,"column":37},"end":{"line":433,"column":38}},"loc":{"start":{"line":433,"column":43},"end":{"line":451,"column":5}}},"19":{"name":"(anonymous_19)","decl":{"start":{"line":439,"column":10},"end":{"line":439,"column":11}},"loc":{"start":{"line":439,"column":20},"end":{"line":439,"column":50}}},"20":{"name":"(anonymous_20)","decl":{"start":{"line":455,"column":27},"end":{"line":455,"column":28}},"loc":{"start":{"line":455,"column":36},"end":{"line":463,"column":5}}}},"branchMap":{"0":{"loc":{"start":{"line":29,"column":4},"end":{"line":43,"column":5}},"type":"if","locations":[{"start":{"line":29,"column":4},"end":{"line":43,"column":5}},{"start":{},"end":{}}]},"1":{"loc":{"start":{"line":46,"column":4},"end":{"line":46,"column":43}},"type":"if","locations":[{"start":{"line":46,"column":4},"end":{"line":46,"column":43}},{"start":{},"end":{}}]},"2":{"loc":{"start":{"line":47,"column":4},"end":{"line":49,"column":5}},"type":"if","locations":[{"start":{"line":47,"column":4},"end":{"line":49,"column":5}},{"start":{},"end":{}}]},"3":{"loc":{"start":{"line":52,"column":4},"end":{"line":64,"column":5}},"type":"if","locations":[{"start":{"line":52,"column":4},"end":{"line":64,"column":5}},{"start":{},"end":{}}]},"4":{"loc":{"start":{"line":52,"column":8},"end":{"line":52,"column":49}},"type":"binary-expr","locations":[{"start":{"line":52,"column":8},"end":{"line":52,"column":23}},{"start":{"line":52,"column":27},"end":{"line":52,"column":49}}]},"5":{"loc":{"start":{"line":62,"column":8},"end":{"line":62,"column":71}},"type":"if","locations":[{"start":{"line":62,"column":8},"end":{"line":62,"column":71}},{"start":{},"end":{}}]},"6":{"loc":{"start":{"line":66,"column":4},"end":{"line":68,"column":5}},"type":"if","locations":[{"start":{"line":66,"column":4},"end":{"line":68,"column":5}},{"start":{},"end":{}}]},"7":{"loc":{"start":{"line":77,"column":6},"end":{"line":79,"column":7}},"type":"if","locations":[{"start":{"line":77,"column":6},"end":{"line":79,"column":7}},{"start":{},"end":{}}]},"8":{"loc":{"start":{"line":77,"column":23},"end":{"line":77,"column":70}},"type":"binary-expr","locations":[{"start":{"line":77,"column":23},"end":{"line":77,"column":64}},{"start":{"line":77,"column":68},"end":{"line":77,"column":70}}]},"9":{"loc":{"start":{"line":87,"column":6},"end":{"line":89,"column":7}},"type":"if","locations":[{"start":{"line":87,"column":6},"end":{"line":89,"column":7}},{"start":{},"end":{}}]},"10":{"loc":{"start":{"line":87,"column":10},"end":{"line":87,"column":47}},"type":"binary-expr","locations":[{"start":{"line":87,"column":10},"end":{"line":87,"column":32}},{"start":{"line":87,"column":36},"end":{"line":87,"column":47}}]},"11":{"loc":{"start":{"line":98,"column":18},"end":{"line":98,"column":67}},"type":"binary-expr","locations":[{"start":{"line":98,"column":18},"end":{"line":98,"column":58}},{"start":{"line":98,"column":62},"end":{"line":98,"column":67}}]},"12":{"loc":{"start":{"line":99,"column":4},"end":{"line":108,"column":5}},"type":"if","locations":[{"start":{"line":99,"column":4},"end":{"line":108,"column":5}},{"start":{},"end":{}}]},"13":{"loc":{"start":{"line":104,"column":8},"end":{"line":107,"column":9}},"type":"if","locations":[{"start":{"line":104,"column":8},"end":{"line":107,"column":9}},{"start":{},"end":{}}]},"14":{"loc":{"start":{"line":110,"column":4},"end":{"line":110,"column":47}},"type":"if","locations":[{"start":{"line":110,"column":4},"end":{"line":110,"column":47}},{"start":{},"end":{}}]},"15":{"loc":{"start":{"line":119,"column":4},"end":{"line":119,"column":55}},"type":"if","locations":[{"start":{"line":119,"column":4},"end":{"line":119,"column":55}},{"start":{},"end":{}}]},"16":{"loc":{"start":{"line":134,"column":4},"end":{"line":134,"column":55}},"type":"if","locations":[{"start":{"line":134,"column":4},"end":{"line":134,"column":55}},{"start":{},"end":{}}]},"17":{"loc":{"start":{"line":134,"column":9},"end":{"line":134,"column":36}},"type":"cond-expr","locations":[{"start":{"line":134,"column":24},"end":{"line":134,"column":26}},{"start":{"line":134,"column":24},"end":{"line":134,"column":36}}]},"18":{"loc":{"start":{"line":134,"column":9},"end":{"line":134,"column":26}},"type":"binary-expr","locations":[{"start":{"line":134,"column":9},"end":{"line":134,"column":26}},{"start":{"line":134,"column":24},"end":{"line":134,"column":26}}]},"19":{"loc":{"start":{"line":139,"column":4},"end":{"line":146,"column":5}},"type":"if","locations":[{"start":{"line":139,"column":4},"end":{"line":146,"column":5}},{"start":{},"end":{}}]},"20":{"loc":{"start":{"line":152,"column":6},"end":{"line":152,"column":24}},"type":"if","locations":[{"start":{"line":152,"column":6},"end":{"line":152,"column":24}},{"start":{},"end":{}}]},"21":{"loc":{"start":{"line":156,"column":6},"end":{"line":156,"column":41}},"type":"if","locations":[{"start":{"line":156,"column":6},"end":{"line":156,"column":41}},{"start":{},"end":{}}]},"22":{"loc":{"start":{"line":158,"column":22},"end":{"line":158,"column":39}},"type":"binary-expr","locations":[{"start":{"line":158,"column":22},"end":{"line":158,"column":34}},{"start":{"line":158,"column":38},"end":{"line":158,"column":39}}]},"23":{"loc":{"start":{"line":160,"column":25},"end":{"line":160,"column":64}},"type":"binary-expr","locations":[{"start":{"line":160,"column":25},"end":{"line":160,"column":59}},{"start":{"line":160,"column":63},"end":{"line":160,"column":64}}]},"24":{"loc":{"start":{"line":162,"column":6},"end":{"line":176,"column":7}},"type":"if","locations":[{"start":{"line":162,"column":6},"end":{"line":176,"column":7}},{"start":{"line":166,"column":13},"end":{"line":176,"column":7}}]},"25":{"loc":{"start":{"line":175,"column":10},"end":{"line":175,"column":58}},"type":"if","locations":[{"start":{"line":175,"column":10},"end":{"line":175,"column":58}},{"start":{},"end":{}}]},"26":{"loc":{"start":{"line":180,"column":11},"end":{"line":180,"column":41}},"type":"cond-expr","locations":[{"start":{"line":180,"column":26},"end":{"line":180,"column":28}},{"start":{"line":180,"column":26},"end":{"line":180,"column":41}}]},"27":{"loc":{"start":{"line":180,"column":11},"end":{"line":180,"column":28}},"type":"binary-expr","locations":[{"start":{"line":180,"column":11},"end":{"line":180,"column":28}},{"start":{"line":180,"column":26},"end":{"line":180,"column":28}}]},"28":{"loc":{"start":{"line":186,"column":19},"end":{"line":186,"column":57}},"type":"cond-expr","locations":[{"start":{"line":186,"column":34},"end":{"line":186,"column":36}},{"start":{"line":186,"column":34},"end":{"line":186,"column":57}}]},"29":{"loc":{"start":{"line":186,"column":19},"end":{"line":186,"column":36}},"type":"binary-expr","locations":[{"start":{"line":186,"column":19},"end":{"line":186,"column":36}},{"start":{"line":186,"column":34},"end":{"line":186,"column":36}}]},"30":{"loc":{"start":{"line":187,"column":4},"end":{"line":187,"column":34}},"type":"if","locations":[{"start":{"line":187,"column":4},"end":{"line":187,"column":34}},{"start":{},"end":{}}]},"31":{"loc":{"start":{"line":192,"column":4},"end":{"line":192,"column":59}},"type":"if","locations":[{"start":{"line":192,"column":4},"end":{"line":192,"column":59}},{"start":{},"end":{}}]},"32":{"loc":{"start":{"line":192,"column":8},"end":{"line":192,"column":50}},"type":"binary-expr","locations":[{"start":{"line":192,"column":8},"end":{"line":192,"column":24}},{"start":{"line":192,"column":28},"end":{"line":192,"column":50}}]},"33":{"loc":{"start":{"line":195,"column":4},"end":{"line":195,"column":22}},"type":"if","locations":[{"start":{"line":195,"column":4},"end":{"line":195,"column":22}},{"start":{},"end":{}}]},"34":{"loc":{"start":{"line":202,"column":4},"end":{"line":207,"column":5}},"type":"if","locations":[{"start":{"line":202,"column":4},"end":{"line":207,"column":5}},{"start":{},"end":{}}]},"35":{"loc":{"start":{"line":204,"column":6},"end":{"line":206,"column":7}},"type":"if","locations":[{"start":{"line":204,"column":6},"end":{"line":206,"column":7}},{"start":{},"end":{}}]},"36":{"loc":{"start":{"line":212,"column":4},"end":{"line":218,"column":5}},"type":"if","locations":[{"start":{"line":212,"column":4},"end":{"line":218,"column":5}},{"start":{},"end":{}}]},"37":{"loc":{"start":{"line":213,"column":6},"end":{"line":215,"column":53}},"type":"binary-expr","locations":[{"start":{"line":213,"column":6},"end":{"line":213,"column":21}},{"start":{"line":214,"column":6},"end":{"line":214,"column":33}},{"start":{"line":215,"column":6},"end":{"line":215,"column":53}}]},"38":{"loc":{"start":{"line":222,"column":4},"end":{"line":265,"column":5}},"type":"if","locations":[{"start":{"line":222,"column":4},"end":{"line":265,"column":5}},{"start":{},"end":{}}]},"39":{"loc":{"start":{"line":226,"column":6},"end":{"line":226,"column":57}},"type":"if","locations":[{"start":{"line":226,"column":6},"end":{"line":226,"column":57}},{"start":{},"end":{}}]},"40":{"loc":{"start":{"line":228,"column":6},"end":{"line":230,"column":7}},"type":"if","locations":[{"start":{"line":228,"column":6},"end":{"line":230,"column":7}},{"start":{},"end":{}}]},"41":{"loc":{"start":{"line":243,"column":6},"end":{"line":264,"column":7}},"type":"if","locations":[{"start":{"line":243,"column":6},"end":{"line":264,"column":7}},{"start":{},"end":{}}]},"42":{"loc":{"start":{"line":243,"column":10},"end":{"line":243,"column":64}},"type":"binary-expr","locations":[{"start":{"line":243,"column":10},"end":{"line":243,"column":25}},{"start":{"line":243,"column":29},"end":{"line":243,"column":64}}]},"43":{"loc":{"start":{"line":244,"column":8},"end":{"line":263,"column":9}},"type":"if","locations":[{"start":{"line":244,"column":8},"end":{"line":263,"column":9}},{"start":{},"end":{}}]},"44":{"loc":{"start":{"line":258,"column":11},"end":{"line":258,"column":48}},"type":"if","locations":[{"start":{"line":258,"column":11},"end":{"line":258,"column":48}},{"start":{},"end":{}}]},"45":{"loc":{"start":{"line":268,"column":25},"end":{"line":268,"column":47}},"type":"default-arg","locations":[{"start":{"line":268,"column":42},"end":{"line":268,"column":47}}]},"46":{"loc":{"start":{"line":269,"column":4},"end":{"line":269,"column":65}},"type":"if","locations":[{"start":{"line":269,"column":4},"end":{"line":269,"column":65}},{"start":{},"end":{}}]},"47":{"loc":{"start":{"line":269,"column":8},"end":{"line":269,"column":56}},"type":"binary-expr","locations":[{"start":{"line":269,"column":8},"end":{"line":269,"column":24}},{"start":{"line":269,"column":28},"end":{"line":269,"column":56}}]},"48":{"loc":{"start":{"line":281,"column":6},"end":{"line":291,"column":7}},"type":"if","locations":[{"start":{"line":281,"column":6},"end":{"line":291,"column":7}},{"start":{},"end":{}}]},"49":{"loc":{"start":{"line":283,"column":8},"end":{"line":290,"column":9}},"type":"if","locations":[{"start":{"line":283,"column":8},"end":{"line":290,"column":9}},{"start":{"line":288,"column":15},"end":{"line":290,"column":9}}]},"50":{"loc":{"start":{"line":299,"column":18},"end":{"line":299,"column":48}},"type":"binary-expr","locations":[{"start":{"line":299,"column":18},"end":{"line":299,"column":39}},{"start":{"line":299,"column":43},"end":{"line":299,"column":48}}]},"51":{"loc":{"start":{"line":300,"column":28},"end":{"line":300,"column":55}},"type":"binary-expr","locations":[{"start":{"line":300,"column":28},"end":{"line":300,"column":33}},{"start":{"line":300,"column":37},"end":{"line":300,"column":55}}]},"52":{"loc":{"start":{"line":306,"column":8},"end":{"line":307,"column":33}},"type":"if","locations":[{"start":{"line":306,"column":8},"end":{"line":307,"column":33}},{"start":{"line":307,"column":13},"end":{"line":307,"column":33}}]},"53":{"loc":{"start":{"line":306,"column":48},"end":{"line":306,"column":72}},"type":"binary-expr","locations":[{"start":{"line":306,"column":48},"end":{"line":306,"column":67}},{"start":{"line":306,"column":71},"end":{"line":306,"column":72}}]},"54":{"loc":{"start":{"line":312,"column":8},"end":{"line":324,"column":9}},"type":"if","locations":[{"start":{"line":312,"column":8},"end":{"line":324,"column":9}},{"start":{"line":314,"column":15},"end":{"line":324,"column":9}}]},"55":{"loc":{"start":{"line":313,"column":12},"end":{"line":313,"column":95}},"type":"if","locations":[{"start":{"line":313,"column":12},"end":{"line":313,"column":95}},{"start":{},"end":{}}]},"56":{"loc":{"start":{"line":313,"column":45},"end":{"line":313,"column":72}},"type":"binary-expr","locations":[{"start":{"line":313,"column":45},"end":{"line":313,"column":65}},{"start":{"line":313,"column":69},"end":{"line":313,"column":72}}]},"57":{"loc":{"start":{"line":314,"column":15},"end":{"line":324,"column":9}},"type":"if","locations":[{"start":{"line":314,"column":15},"end":{"line":324,"column":9}},{"start":{"line":316,"column":15},"end":{"line":324,"column":9}}]},"58":{"loc":{"start":{"line":315,"column":12},"end":{"line":315,"column":92}},"type":"if","locations":[{"start":{"line":315,"column":12},"end":{"line":315,"column":92}},{"start":{},"end":{}}]},"59":{"loc":{"start":{"line":315,"column":45},"end":{"line":315,"column":69}},"type":"binary-expr","locations":[{"start":{"line":315,"column":45},"end":{"line":315,"column":62}},{"start":{"line":315,"column":66},"end":{"line":315,"column":69}}]},"60":{"loc":{"start":{"line":316,"column":15},"end":{"line":324,"column":9}},"type":"if","locations":[{"start":{"line":316,"column":15},"end":{"line":324,"column":9}},{"start":{},"end":{}}]},"61":{"loc":{"start":{"line":316,"column":19},"end":{"line":316,"column":82}},"type":"binary-expr","locations":[{"start":{"line":316,"column":19},"end":{"line":316,"column":53}},{"start":{"line":316,"column":57},"end":{"line":316,"column":82}}]},"62":{"loc":{"start":{"line":318,"column":13},"end":{"line":323,"column":14}},"type":"if","locations":[{"start":{"line":318,"column":13},"end":{"line":323,"column":14}},{"start":{},"end":{}}]},"63":{"loc":{"start":{"line":318,"column":44},"end":{"line":318,"column":70}},"type":"binary-expr","locations":[{"start":{"line":318,"column":44},"end":{"line":318,"column":62}},{"start":{"line":318,"column":66},"end":{"line":318,"column":70}}]},"64":{"loc":{"start":{"line":327,"column":8},"end":{"line":337,"column":9}},"type":"if","locations":[{"start":{"line":327,"column":8},"end":{"line":337,"column":9}},{"start":{},"end":{}}]},"65":{"loc":{"start":{"line":327,"column":12},"end":{"line":327,"column":44}},"type":"binary-expr","locations":[{"start":{"line":327,"column":12},"end":{"line":327,"column":25}},{"start":{"line":327,"column":29},"end":{"line":327,"column":44}}]},"66":{"loc":{"start":{"line":331,"column":12},"end":{"line":336,"column":13}},"type":"if","locations":[{"start":{"line":331,"column":12},"end":{"line":336,"column":13}},{"start":{"line":333,"column":19},"end":{"line":336,"column":13}}]},"67":{"loc":{"start":{"line":331,"column":16},"end":{"line":331,"column":127}},"type":"binary-expr","locations":[{"start":{"line":331,"column":16},"end":{"line":331,"column":50}},{"start":{"line":331,"column":54},"end":{"line":331,"column":87}},{"start":{"line":331,"column":91},"end":{"line":331,"column":127}}]},"68":{"loc":{"start":{"line":333,"column":19},"end":{"line":336,"column":13}},"type":"if","locations":[{"start":{"line":333,"column":19},"end":{"line":336,"column":13}},{"start":{},"end":{}}]},"69":{"loc":{"start":{"line":339,"column":8},"end":{"line":342,"column":9}},"type":"if","locations":[{"start":{"line":339,"column":8},"end":{"line":342,"column":9}},{"start":{},"end":{}}]},"70":{"loc":{"start":{"line":353,"column":4},"end":{"line":353,"column":92}},"type":"if","locations":[{"start":{"line":353,"column":4},"end":{"line":353,"column":92}},{"start":{},"end":{}}]},"71":{"loc":{"start":{"line":353,"column":8},"end":{"line":353,"column":83}},"type":"binary-expr","locations":[{"start":{"line":353,"column":8},"end":{"line":353,"column":24}},{"start":{"line":353,"column":28},"end":{"line":353,"column":56}},{"start":{"line":353,"column":60},"end":{"line":353,"column":83}}]},"72":{"loc":{"start":{"line":356,"column":21},"end":{"line":356,"column":70}},"type":"binary-expr","locations":[{"start":{"line":356,"column":21},"end":{"line":356,"column":55}},{"start":{"line":356,"column":59},"end":{"line":356,"column":70}}]},"73":{"loc":{"start":{"line":359,"column":4},"end":{"line":359,"column":40}},"type":"if","locations":[{"start":{"line":359,"column":4},"end":{"line":359,"column":40}},{"start":{},"end":{}}]},"74":{"loc":{"start":{"line":371,"column":20},"end":{"line":371,"column":58}},"type":"binary-expr","locations":[{"start":{"line":371,"column":20},"end":{"line":371,"column":52}},{"start":{"line":371,"column":56},"end":{"line":371,"column":58}}]},"75":{"loc":{"start":{"line":372,"column":6},"end":{"line":372,"column":39}},"type":"if","locations":[{"start":{"line":372,"column":6},"end":{"line":372,"column":39}},{"start":{},"end":{}}]},"76":{"loc":{"start":{"line":375,"column":6},"end":{"line":383,"column":7}},"type":"if","locations":[{"start":{"line":375,"column":6},"end":{"line":383,"column":7}},{"start":{},"end":{}}]},"77":{"loc":{"start":{"line":375,"column":10},"end":{"line":375,"column":76}},"type":"binary-expr","locations":[{"start":{"line":375,"column":10},"end":{"line":375,"column":40}},{"start":{"line":375,"column":44},"end":{"line":375,"column":76}}]},"78":{"loc":{"start":{"line":379,"column":26},"end":{"line":379,"column":50}},"type":"binary-expr","locations":[{"start":{"line":379,"column":26},"end":{"line":379,"column":45}},{"start":{"line":379,"column":49},"end":{"line":379,"column":50}}]},"79":{"loc":{"start":{"line":379,"column":26},"end":{"line":379,"column":45}},"type":"cond-expr","locations":[{"start":{"line":379,"column":37},"end":{"line":379,"column":39}},{"start":{"line":379,"column":37},"end":{"line":379,"column":45}}]},"80":{"loc":{"start":{"line":379,"column":26},"end":{"line":379,"column":39}},"type":"binary-expr","locations":[{"start":{"line":379,"column":26},"end":{"line":379,"column":39}},{"start":{"line":379,"column":37},"end":{"line":379,"column":39}}]},"81":{"loc":{"start":{"line":379,"column":26},"end":{"line":379,"column":37}},"type":"cond-expr","locations":[{"start":{"line":379,"column":31},"end":{"line":379,"column":33}},{"start":{"line":379,"column":26},"end":{"line":379,"column":37}}]},"82":{"loc":{"start":{"line":379,"column":26},"end":{"line":379,"column":33}},"type":"binary-expr","locations":[{"start":{"line":379,"column":26},"end":{"line":379,"column":33}},{"start":{"line":379,"column":26},"end":{"line":379,"column":33}}]},"83":{"loc":{"start":{"line":380,"column":26},"end":{"line":380,"column":50}},"type":"binary-expr","locations":[{"start":{"line":380,"column":26},"end":{"line":380,"column":45}},{"start":{"line":380,"column":49},"end":{"line":380,"column":50}}]},"84":{"loc":{"start":{"line":380,"column":26},"end":{"line":380,"column":45}},"type":"cond-expr","locations":[{"start":{"line":380,"column":37},"end":{"line":380,"column":39}},{"start":{"line":380,"column":37},"end":{"line":380,"column":45}}]},"85":{"loc":{"start":{"line":380,"column":26},"end":{"line":380,"column":39}},"type":"binary-expr","locations":[{"start":{"line":380,"column":26},"end":{"line":380,"column":39}},{"start":{"line":380,"column":37},"end":{"line":380,"column":39}}]},"86":{"loc":{"start":{"line":380,"column":26},"end":{"line":380,"column":37}},"type":"cond-expr","locations":[{"start":{"line":380,"column":31},"end":{"line":380,"column":33}},{"start":{"line":380,"column":26},"end":{"line":380,"column":37}}]},"87":{"loc":{"start":{"line":380,"column":26},"end":{"line":380,"column":33}},"type":"binary-expr","locations":[{"start":{"line":380,"column":26},"end":{"line":380,"column":33}},{"start":{"line":380,"column":26},"end":{"line":380,"column":33}}]},"88":{"loc":{"start":{"line":387,"column":8},"end":{"line":389,"column":9}},"type":"if","locations":[{"start":{"line":387,"column":8},"end":{"line":389,"column":9}},{"start":{},"end":{}}]},"89":{"loc":{"start":{"line":392,"column":8},"end":{"line":396,"column":9}},"type":"if","locations":[{"start":{"line":392,"column":8},"end":{"line":396,"column":9}},{"start":{},"end":{}}]},"90":{"loc":{"start":{"line":401,"column":8},"end":{"line":405,"column":9}},"type":"if","locations":[{"start":{"line":401,"column":8},"end":{"line":405,"column":9}},{"start":{},"end":{}}]},"91":{"loc":{"start":{"line":401,"column":12},"end":{"line":401,"column":123}},"type":"binary-expr","locations":[{"start":{"line":401,"column":12},"end":{"line":401,"column":48}},{"start":{"line":401,"column":52},"end":{"line":401,"column":85}},{"start":{"line":401,"column":89},"end":{"line":401,"column":123}}]},"92":{"loc":{"start":{"line":407,"column":8},"end":{"line":407,"column":59}},"type":"if","locations":[{"start":{"line":407,"column":8},"end":{"line":407,"column":59}},{"start":{},"end":{}}]},"93":{"loc":{"start":{"line":408,"column":8},"end":{"line":408,"column":67}},"type":"if","locations":[{"start":{"line":408,"column":8},"end":{"line":408,"column":67}},{"start":{},"end":{}}]},"94":{"loc":{"start":{"line":411,"column":8},"end":{"line":425,"column":9}},"type":"if","locations":[{"start":{"line":411,"column":8},"end":{"line":425,"column":9}},{"start":{},"end":{}}]},"95":{"loc":{"start":{"line":416,"column":10},"end":{"line":419,"column":11}},"type":"if","locations":[{"start":{"line":416,"column":10},"end":{"line":419,"column":11}},{"start":{},"end":{}}]},"96":{"loc":{"start":{"line":424,"column":10},"end":{"line":424,"column":46}},"type":"if","locations":[{"start":{"line":424,"column":10},"end":{"line":424,"column":46}},{"start":{},"end":{}}]},"97":{"loc":{"start":{"line":434,"column":6},"end":{"line":436,"column":7}},"type":"if","locations":[{"start":{"line":434,"column":6},"end":{"line":436,"column":7}},{"start":{},"end":{}}]},"98":{"loc":{"start":{"line":434,"column":10},"end":{"line":434,"column":55}},"type":"binary-expr","locations":[{"start":{"line":434,"column":10},"end":{"line":434,"column":25}},{"start":{"line":434,"column":29},"end":{"line":434,"column":55}}]},"99":{"loc":{"start":{"line":435,"column":8},"end":{"line":435,"column":67}},"type":"if","locations":[{"start":{"line":435,"column":8},"end":{"line":435,"column":67}},{"start":{},"end":{}}]},"100":{"loc":{"start":{"line":437,"column":6},"end":{"line":442,"column":7}},"type":"if","locations":[{"start":{"line":437,"column":6},"end":{"line":442,"column":7}},{"start":{},"end":{}}]},"101":{"loc":{"start":{"line":437,"column":10},"end":{"line":437,"column":38}},"type":"cond-expr","locations":[{"start":{"line":437,"column":27},"end":{"line":437,"column":29}},{"start":{"line":437,"column":27},"end":{"line":437,"column":38}}]},"102":{"loc":{"start":{"line":437,"column":10},"end":{"line":437,"column":29}},"type":"binary-expr","locations":[{"start":{"line":437,"column":10},"end":{"line":437,"column":29}},{"start":{"line":437,"column":27},"end":{"line":437,"column":29}}]},"103":{"loc":{"start":{"line":441,"column":8},"end":{"line":441,"column":36}},"type":"if","locations":[{"start":{"line":441,"column":8},"end":{"line":441,"column":36}},{"start":{},"end":{}}]},"104":{"loc":{"start":{"line":443,"column":6},"end":{"line":445,"column":7}},"type":"if","locations":[{"start":{"line":443,"column":6},"end":{"line":445,"column":7}},{"start":{},"end":{}}]},"105":{"loc":{"start":{"line":443,"column":10},"end":{"line":443,"column":40}},"type":"cond-expr","locations":[{"start":{"line":443,"column":27},"end":{"line":443,"column":29}},{"start":{"line":443,"column":27},"end":{"line":443,"column":40}}]},"106":{"loc":{"start":{"line":443,"column":10},"end":{"line":443,"column":29}},"type":"binary-expr","locations":[{"start":{"line":443,"column":10},"end":{"line":443,"column":29}},{"start":{"line":443,"column":27},"end":{"line":443,"column":29}}]},"107":{"loc":{"start":{"line":444,"column":8},"end":{"line":444,"column":80}},"type":"if","locations":[{"start":{"line":444,"column":8},"end":{"line":444,"column":80}},{"start":{},"end":{}}]},"108":{"loc":{"start":{"line":446,"column":6},"end":{"line":449,"column":7}},"type":"if","locations":[{"start":{"line":446,"column":6},"end":{"line":449,"column":7}},{"start":{},"end":{}}]},"109":{"loc":{"start":{"line":446,"column":10},"end":{"line":446,"column":49}},"type":"binary-expr","locations":[{"start":{"line":446,"column":10},"end":{"line":446,"column":32}},{"start":{"line":446,"column":36},"end":{"line":446,"column":49}}]},"110":{"loc":{"start":{"line":448,"column":8},"end":{"line":448,"column":73}},"type":"if","locations":[{"start":{"line":448,"column":8},"end":{"line":448,"column":73}},{"start":{},"end":{}}]},"111":{"loc":{"start":{"line":453,"column":4},"end":{"line":453,"column":45}},"type":"if","locations":[{"start":{"line":453,"column":4},"end":{"line":453,"column":45}},{"start":{},"end":{}}]},"112":{"loc":{"start":{"line":456,"column":25},"end":{"line":456,"column":75}},"type":"cond-expr","locations":[{"start":{"line":456,"column":68},"end":{"line":456,"column":71}},{"start":{"line":456,"column":74},"end":{"line":456,"column":75}}]},"113":{"loc":{"start":{"line":456,"column":25},"end":{"line":456,"column":65}},"type":"cond-expr","locations":[{"start":{"line":456,"column":40},"end":{"line":456,"column":42}},{"start":{"line":456,"column":40},"end":{"line":456,"column":65}}]},"114":{"loc":{"start":{"line":456,"column":25},"end":{"line":456,"column":42}},"type":"binary-expr","locations":[{"start":{"line":456,"column":25},"end":{"line":456,"column":42}},{"start":{"line":456,"column":40},"end":{"line":456,"column":42}}]},"115":{"loc":{"start":{"line":457,"column":25},"end":{"line":457,"column":75}},"type":"cond-expr","locations":[{"start":{"line":457,"column":68},"end":{"line":457,"column":71}},{"start":{"line":457,"column":74},"end":{"line":457,"column":75}}]},"116":{"loc":{"start":{"line":457,"column":25},"end":{"line":457,"column":65}},"type":"cond-expr","locations":[{"start":{"line":457,"column":40},"end":{"line":457,"column":42}},{"start":{"line":457,"column":40},"end":{"line":457,"column":65}}]},"117":{"loc":{"start":{"line":457,"column":25},"end":{"line":457,"column":42}},"type":"binary-expr","locations":[{"start":{"line":457,"column":25},"end":{"line":457,"column":42}},{"start":{"line":457,"column":40},"end":{"line":457,"column":42}}]}},"s":{"0":1,"1":1,"2":6,"3":4,"4":6,"5":4,"6":6,"7":4,"8":6,"9":6,"10":6,"11":36,"12":0,"13":6,"14":0,"15":3,"16":3,"17":3,"18":0,"19":3,"20":0,"21":0,"22":0,"23":0,"24":0,"25":0,"26":0,"27":0,"28":0,"29":0,"30":0,"31":0,"32":0,"33":0,"34":0,"35":0,"36":0,"37":0,"38":0,"39":0,"40":0,"41":0,"42":0,"43":0,"44":0,"45":0,"46":0,"47":0,"48":0,"49":0,"50":0,"51":0,"52":0,"53":0,"54":0,"55":0,"56":0,"57":0,"58":0,"59":0,"60":0,"61":0,"62":0,"63":0,"64":0,"65":0,"66":0,"67":0,"68":0,"69":0,"70":0,"71":0,"72":0,"73":0,"74":0,"75":0,"76":0,"77":0,"78":0,"79":0,"80":0,"81":0,"82":0,"83":0,"84":0,"85":0,"86":0,"87":0,"88":0,"89":0,"90":0,"91":0,"92":0,"93":0,"94":0,"95":0,"96":0,"97":0,"98":0,"99":0,"100":0,"101":0,"102":0,"103":0,"104":0,"105":0,"106":0,"107":0,"108":0,"109":0,"110":0,"111":0,"112":0,"113":0,"114":0,"115":0,"116":0,"117":0,"118":0,"119":0,"120":0,"121":0,"122":0,"123":0,"124":0,"125":0,"126":0,"127":0,"128":0,"129":0,"130":0,"131":0,"132":0,"133":0,"134":0,"135":0,"136":0,"137":0,"138":0,"139":0,"140":0,"141":0,"142":0,"143":0,"144":0,"145":0,"146":0,"147":0,"148":0,"149":0,"150":0,"151":0,"152":0,"153":0,"154":3,"155":0,"156":3,"157":0,"158":3,"159":1,"160":2,"161":2,"162":10,"163":10,"164":8,"165":2,"166":2,"167":0,"168":0,"169":0,"170":0,"171":0,"172":2,"173":2,"174":2,"175":2,"176":0,"177":0,"178":0,"179":2,"180":2,"181":1,"182":1,"183":1,"184":1,"185":0,"186":0,"187":0,"188":1,"189":1,"190":1,"191":0,"192":1,"193":1,"194":1,"195":1,"196":1,"197":0,"198":0,"199":1,"200":1,"201":1,"202":1,"203":1,"204":1,"205":0,"206":0,"207":1,"208":0,"209":0,"210":0,"211":0,"212":1,"213":0,"214":0,"215":1,"216":0,"217":0,"218":0,"219":1,"220":1,"221":0,"222":1,"223":0,"224":0,"225":0,"226":0,"227":0,"228":0,"229":0,"230":1},"f":{"0":6,"1":36,"2":3,"3":0,"4":0,"5":0,"6":0,"7":0,"8":0,"9":0,"10":0,"11":0,"12":0,"13":0,"14":3,"15":0,"16":0,"17":1,"18":1,"19":0,"20":0},"b":{"0":[4,2],"1":[4,2],"2":[4,2],"3":[6,0],"4":[6,6],"5":[0,36],"6":[0,6],"7":[0,3],"8":[3,0],"9":[0,0],"10":[0,0],"11":[0,0],"12":[0,0],"13":[0,0],"14":[0,0],"15":[0,0],"16":[0,0],"17":[0,0],"18":[0,0],"19":[0,0],"20":[0,0],"21":[0,0],"22":[0,0],"23":[0,0],"24":[0,0],"25":[0,0],"26":[0,0],"27":[0,0],"28":[0,0],"29":[0,0],"30":[0,0],"31":[0,0],"32":[0,0],"33":[0,0],"34":[0,0],"35":[0,0],"36":[0,0],"37":[0,0,0],"38":[0,0],"39":[0,0],"40":[0,0],"41":[0,0],"42":[0,0],"43":[0,0],"44":[0,0],"45":[0],"46":[0,0],"47":[0,0],"48":[0,0],"49":[0,0],"50":[0,0],"51":[0,0],"52":[0,0],"53":[0,0],"54":[0,0],"55":[0,0],"56":[0,0],"57":[0,0],"58":[0,0],"59":[0,0],"60":[0,0],"61":[0,0],"62":[0,0],"63":[0,0],"64":[0,0],"65":[0,0],"66":[0,0],"67":[0,0,0],"68":[0,0],"69":[0,0],"70":[0,3],"71":[3,3,3],"72":[0,0],"73":[1,2],"74":[10,0],"75":[8,2],"76":[2,0],"77":[2,2],"78":[0,0],"79":[0,0],"80":[0,0],"81":[0,0],"82":[0,0],"83":[0,0],"84":[0,0],"85":[0,0],"86":[0,0],"87":[0,0],"88":[0,2],"89":[1,1],"90":[0,1],"91":[1,1,1],"92":[1,0],"93":[0,1],"94":[1,0],"95":[0,1],"96":[1,0],"97":[0,1],"98":[1,0],"99":[0,0],"100":[0,1],"101":[1,0],"102":[1,1],"103":[0,0],"104":[0,1],"105":[1,0],"106":[1,1],"107":[0,0],"108":[0,1],"109":[1,0],"110":[0,0],"111":[0,1],"112":[0,0],"113":[0,0],"114":[0,0],"115":[0,0],"116":[0,0],"117":[0,0]}}
,"/Users/songhao/Library/Application Support/Screeps/scripts/screeps.com/default/src/types/dispatch.ts": {"path":"/Users/songhao/Library/Application Support/Screeps/scripts/screeps.com/default/src/types/dispatch.ts","statementMap":{"0":{"start":{"line":2,"column":0},"end":{"line":2,"column":null}},"1":{"start":{"line":3,"column":2},"end":{"line":3,"column":null}},"2":{"start":{"line":4,"column":2},"end":{"line":4,"column":null}},"3":{"start":{"line":5,"column":2},"end":{"line":5,"column":null}},"4":{"start":{"line":6,"column":2},"end":{"line":6,"column":null}},"5":{"start":{"line":7,"column":2},"end":{"line":7,"column":null}},"6":{"start":{"line":8,"column":2},"end":{"line":8,"column":null}},"7":{"start":{"line":9,"column":2},"end":{"line":9,"column":null}},"8":{"start":{"line":10,"column":2},"end":{"line":10,"column":null}},"9":{"start":{"line":11,"column":2},"end":{"line":11,"column":null}},"10":{"start":{"line":12,"column":2},"end":{"line":12,"column":null}},"11":{"start":{"line":13,"column":2},"end":{"line":13,"column":null}},"12":{"start":{"line":14,"column":2},"end":{"line":14,"column":null}},"13":{"start":{"line":15,"column":2},"end":{"line":15,"column":null}},"14":{"start":{"line":16,"column":2},"end":{"line":16,"column":null}},"15":{"start":{"line":17,"column":2},"end":{"line":17,"column":null}},"16":{"start":{"line":18,"column":2},"end":{"line":18,"column":null}},"17":{"start":{"line":22,"column":0},"end":{"line":22,"column":null}},"18":{"start":{"line":23,"column":2},"end":{"line":23,"column":null}},"19":{"start":{"line":24,"column":2},"end":{"line":24,"column":null}},"20":{"start":{"line":25,"column":2},"end":{"line":25,"column":null}},"21":{"start":{"line":26,"column":2},"end":{"line":26,"column":null}},"22":{"start":{"line":27,"column":2},"end":{"line":27,"column":null}},"23":{"start":{"line":28,"column":2},"end":{"line":28,"column":null}},"24":{"start":{"line":32,"column":0},"end":{"line":32,"column":null}},"25":{"start":{"line":33,"column":2},"end":{"line":33,"column":null}},"26":{"start":{"line":34,"column":2},"end":{"line":34,"column":null}},"27":{"start":{"line":35,"column":2},"end":{"line":35,"column":null}},"28":{"start":{"line":36,"column":2},"end":{"line":36,"column":null}},"29":{"start":{"line":37,"column":2},"end":{"line":37,"column":null}}},"fnMap":{"0":{"name":"(anonymous_0)","decl":{"start":{"line":2,"column":0},"end":{"line":2,"column":12}},"loc":{"start":{"line":2,"column":20},"end":{"line":19,"column":1}}},"1":{"name":"(anonymous_1)","decl":{"start":{"line":22,"column":0},"end":{"line":22,"column":12}},"loc":{"start":{"line":22,"column":24},"end":{"line":29,"column":1}}},"2":{"name":"(anonymous_2)","decl":{"start":{"line":32,"column":0},"end":{"line":32,"column":12}},"loc":{"start":{"line":32,"column":22},"end":{"line":38,"column":1}}}},"branchMap":{"0":{"loc":{"start":{"line":2,"column":12},"end":{"line":2,"column":null}},"type":"binary-expr","locations":[{"start":{"line":2,"column":12},"end":{"line":2,"column":20}},{"start":{"line":2,"column":20},"end":{"line":2,"column":null}}]},"1":{"loc":{"start":{"line":22,"column":12},"end":{"line":22,"column":null}},"type":"binary-expr","locations":[{"start":{"line":22,"column":12},"end":{"line":22,"column":24}},{"start":{"line":22,"column":24},"end":{"line":22,"column":null}}]},"2":{"loc":{"start":{"line":32,"column":12},"end":{"line":32,"column":null}},"type":"binary-expr","locations":[{"start":{"line":32,"column":12},"end":{"line":32,"column":22}},{"start":{"line":32,"column":22},"end":{"line":32,"column":null}}]}},"s":{"0":1,"1":1,"2":1,"3":1,"4":1,"5":1,"6":1,"7":1,"8":1,"9":1,"10":1,"11":1,"12":1,"13":1,"14":1,"15":1,"16":1,"17":1,"18":1,"19":1,"20":1,"21":1,"22":1,"23":1,"24":1,"25":1,"26":1,"27":1,"28":1,"29":1},"f":{"0":1,"1":1,"2":1},"b":{"0":[1,1],"1":[1,1],"2":[1,1]}}
}
