TN:
SF:src/ai/GlobalDispatch.ts
FN:28,(anonymous_0)
FN:61,(anonymous_1)
FN:71,(anonymous_2)
FN:93,(anonymous_3)
FN:124,(anonymous_4)
FN:130,(anonymous_5)
FN:133,(anonymous_6)
FN:137,(anonymous_7)
FN:150,(anonymous_8)
FN:179,(anonymous_9)
FN:185,(anonymous_10)
FN:191,(anonymous_11)
FN:210,(anonymous_12)
FN:268,(anonymous_13)
FN:351,(anonymous_14)
FN:356,(anonymous_15)
FN:376,(anonymous_16)
FN:431,(anonymous_17)
FN:433,(anonymous_18)
FN:439,(anonymous_19)
FN:455,(anonymous_20)
FNF:21
FNH:6
FNDA:6,(anonymous_0)
FNDA:36,(anonymous_1)
FNDA:3,(anonymous_2)
FNDA:0,(anonymous_3)
FNDA:0,(anonymous_4)
FNDA:0,(anonymous_5)
FNDA:0,(anonymous_6)
FNDA:0,(anonymous_7)
FNDA:0,(anonymous_8)
FNDA:0,(anonymous_9)
FNDA:0,(anonymous_10)
FNDA:0,(anonymous_11)
FNDA:0,(anonymous_12)
FNDA:0,(anonymous_13)
FNDA:3,(anonymous_14)
FNDA:0,(anonymous_15)
FNDA:0,(anonymous_16)
FNDA:1,(anonymous_17)
FNDA:1,(anonymous_18)
FNDA:0,(anonymous_19)
FNDA:0,(anonymous_20)
DA:1,1
DA:11,1
DA:27,1
DA:29,6
DA:30,4
DA:46,6
DA:47,6
DA:48,4
DA:52,6
DA:53,6
DA:61,6
DA:62,36
DA:66,6
DA:67,0
DA:72,3
DA:73,3
DA:77,3
DA:78,0
DA:82,3
DA:84,0
DA:87,0
DA:88,0
DA:94,0
DA:97,0
DA:98,0
DA:99,0
DA:100,0
DA:101,0
DA:104,0
DA:105,0
DA:106,0
DA:110,0
DA:113,0
DA:114,0
DA:115,0
DA:116,0
DA:117,0
DA:119,0
DA:120,0
DA:121,0
DA:125,0
DA:128,0
DA:130,0
DA:134,0
DA:136,0
DA:137,0
DA:139,0
DA:140,0
DA:144,0
DA:145,0
DA:147,0
DA:151,0
DA:152,0
DA:154,0
DA:155,0
DA:156,0
DA:157,0
DA:158,0
DA:160,0
DA:162,0
DA:163,0
DA:164,0
DA:171,0
DA:172,0
DA:174,0
DA:175,0
DA:180,0
DA:186,0
DA:187,0
DA:188,0
DA:192,0
DA:194,0
DA:195,0
DA:198,0
DA:201,0
DA:202,0
DA:203,0
DA:204,0
DA:205,0
DA:212,0
DA:217,0
DA:221,0
DA:222,0
DA:226,0
DA:227,0
DA:228,0
DA:229,0
DA:232,0
DA:234,0
DA:243,0
DA:244,0
DA:245,0
DA:256,0
DA:257,0
DA:258,0
DA:269,0
DA:271,0
DA:272,0
DA:273,0
DA:275,0
DA:276,0
DA:277,0
DA:280,0
DA:281,0
DA:282,0
DA:283,0
DA:286,0
DA:289,0
DA:295,0
DA:296,0
DA:299,0
DA:300,0
DA:302,0
DA:303,0
DA:306,0
DA:307,0
DA:309,0
DA:312,0
DA:313,0
DA:314,0
DA:315,0
DA:316,0
DA:318,0
DA:319,0
DA:320,0
DA:327,0
DA:331,0
DA:332,0
DA:333,0
DA:335,0
DA:339,0
DA:340,0
DA:341,0
DA:346,0
DA:347,0
DA:348,0
DA:353,3
DA:355,3
DA:356,0
DA:359,3
DA:361,2
DA:370,2
DA:371,10
DA:372,10
DA:375,2
DA:376,2
DA:377,0
DA:378,0
DA:379,0
DA:380,0
DA:381,0
DA:385,2
DA:386,2
DA:387,2
DA:388,0
DA:390,2
DA:392,2
DA:393,1
DA:394,1
DA:395,1
DA:401,1
DA:402,0
DA:403,0
DA:404,0
DA:407,1
DA:408,1
DA:410,1
DA:411,1
DA:412,1
DA:413,1
DA:416,1
DA:417,0
DA:418,0
DA:421,1
DA:422,1
DA:424,1
DA:433,1
DA:434,1
DA:435,0
DA:437,1
DA:438,0
DA:439,0
DA:441,0
DA:443,1
DA:444,0
DA:446,1
DA:447,0
DA:448,0
DA:450,1
DA:453,1
DA:455,1
DA:456,0
DA:457,0
DA:458,0
DA:459,0
DA:460,0
DA:461,0
DA:462,0
LF:198
LH:53
BRDA:29,0,0,4
BRDA:29,0,1,2
BRDA:46,1,0,4
BRDA:46,1,1,2
BRDA:47,2,0,4
BRDA:47,2,1,2
BRDA:52,3,0,6
BRDA:52,3,1,0
BRDA:52,4,0,6
BRDA:52,4,1,6
BRDA:62,5,0,0
BRDA:62,5,1,36
BRDA:66,6,0,0
BRDA:66,6,1,6
BRDA:77,7,0,0
BRDA:77,7,1,3
BRDA:77,8,0,3
BRDA:77,8,1,0
BRDA:87,9,0,0
BRDA:87,9,1,0
BRDA:87,10,0,0
BRDA:87,10,1,0
BRDA:98,11,0,0
BRDA:98,11,1,0
BRDA:99,12,0,0
BRDA:99,12,1,0
BRDA:104,13,0,0
BRDA:104,13,1,0
BRDA:110,14,0,0
BRDA:110,14,1,0
BRDA:119,15,0,0
BRDA:119,15,1,0
BRDA:134,16,0,0
BRDA:134,16,1,0
BRDA:134,17,0,0
BRDA:134,17,1,0
BRDA:134,18,0,0
BRDA:134,18,1,0
BRDA:139,19,0,0
BRDA:139,19,1,0
BRDA:152,20,0,0
BRDA:152,20,1,0
BRDA:156,21,0,0
BRDA:156,21,1,0
BRDA:158,22,0,0
BRDA:158,22,1,0
BRDA:160,23,0,0
BRDA:160,23,1,0
BRDA:162,24,0,0
BRDA:162,24,1,0
BRDA:175,25,0,0
BRDA:175,25,1,0
BRDA:180,26,0,0
BRDA:180,26,1,0
BRDA:180,27,0,0
BRDA:180,27,1,0
BRDA:186,28,0,0
BRDA:186,28,1,0
BRDA:186,29,0,0
BRDA:186,29,1,0
BRDA:187,30,0,0
BRDA:187,30,1,0
BRDA:192,31,0,0
BRDA:192,31,1,0
BRDA:192,32,0,0
BRDA:192,32,1,0
BRDA:195,33,0,0
BRDA:195,33,1,0
BRDA:202,34,0,0
BRDA:202,34,1,0
BRDA:204,35,0,0
BRDA:204,35,1,0
BRDA:212,36,0,0
BRDA:212,36,1,0
BRDA:213,37,0,0
BRDA:213,37,1,0
BRDA:213,37,2,0
BRDA:222,38,0,0
BRDA:222,38,1,0
BRDA:226,39,0,0
BRDA:226,39,1,0
BRDA:228,40,0,0
BRDA:228,40,1,0
BRDA:243,41,0,0
BRDA:243,41,1,0
BRDA:243,42,0,0
BRDA:243,42,1,0
BRDA:244,43,0,0
BRDA:244,43,1,0
BRDA:258,44,0,0
BRDA:258,44,1,0
BRDA:268,45,0,0
BRDA:269,46,0,0
BRDA:269,46,1,0
BRDA:269,47,0,0
BRDA:269,47,1,0
BRDA:281,48,0,0
BRDA:281,48,1,0
BRDA:283,49,0,0
BRDA:283,49,1,0
BRDA:299,50,0,0
BRDA:299,50,1,0
BRDA:300,51,0,0
BRDA:300,51,1,0
BRDA:306,52,0,0
BRDA:306,52,1,0
BRDA:306,53,0,0
BRDA:306,53,1,0
BRDA:312,54,0,0
BRDA:312,54,1,0
BRDA:313,55,0,0
BRDA:313,55,1,0
BRDA:313,56,0,0
BRDA:313,56,1,0
BRDA:314,57,0,0
BRDA:314,57,1,0
BRDA:315,58,0,0
BRDA:315,58,1,0
BRDA:315,59,0,0
BRDA:315,59,1,0
BRDA:316,60,0,0
BRDA:316,60,1,0
BRDA:316,61,0,0
BRDA:316,61,1,0
BRDA:318,62,0,0
BRDA:318,62,1,0
BRDA:318,63,0,0
BRDA:318,63,1,0
BRDA:327,64,0,0
BRDA:327,64,1,0
BRDA:327,65,0,0
BRDA:327,65,1,0
BRDA:331,66,0,0
BRDA:331,66,1,0
BRDA:331,67,0,0
BRDA:331,67,1,0
BRDA:331,67,2,0
BRDA:333,68,0,0
BRDA:333,68,1,0
BRDA:339,69,0,0
BRDA:339,69,1,0
BRDA:353,70,0,0
BRDA:353,70,1,3
BRDA:353,71,0,3
BRDA:353,71,1,3
BRDA:353,71,2,3
BRDA:356,72,0,0
BRDA:356,72,1,0
BRDA:359,73,0,1
BRDA:359,73,1,2
BRDA:371,74,0,10
BRDA:371,74,1,0
BRDA:372,75,0,8
BRDA:372,75,1,2
BRDA:375,76,0,2
BRDA:375,76,1,0
BRDA:375,77,0,2
BRDA:375,77,1,2
BRDA:379,78,0,0
BRDA:379,78,1,0
BRDA:379,79,0,0
BRDA:379,79,1,0
BRDA:379,80,0,0
BRDA:379,80,1,0
BRDA:379,81,0,0
BRDA:379,81,1,0
BRDA:379,82,0,0
BRDA:379,82,1,0
BRDA:380,83,0,0
BRDA:380,83,1,0
BRDA:380,84,0,0
BRDA:380,84,1,0
BRDA:380,85,0,0
BRDA:380,85,1,0
BRDA:380,86,0,0
BRDA:380,86,1,0
BRDA:380,87,0,0
BRDA:380,87,1,0
BRDA:387,88,0,0
BRDA:387,88,1,2
BRDA:392,89,0,1
BRDA:392,89,1,1
BRDA:401,90,0,0
BRDA:401,90,1,1
BRDA:401,91,0,1
BRDA:401,91,1,1
BRDA:401,91,2,1
BRDA:407,92,0,1
BRDA:407,92,1,0
BRDA:408,93,0,0
BRDA:408,93,1,1
BRDA:411,94,0,1
BRDA:411,94,1,0
BRDA:416,95,0,0
BRDA:416,95,1,1
BRDA:424,96,0,1
BRDA:424,96,1,0
BRDA:434,97,0,0
BRDA:434,97,1,1
BRDA:434,98,0,1
BRDA:434,98,1,0
BRDA:435,99,0,0
BRDA:435,99,1,0
BRDA:437,100,0,0
BRDA:437,100,1,1
BRDA:437,101,0,1
BRDA:437,101,1,0
BRDA:437,102,0,1
BRDA:437,102,1,1
BRDA:441,103,0,0
BRDA:441,103,1,0
BRDA:443,104,0,0
BRDA:443,104,1,1
BRDA:443,105,0,1
BRDA:443,105,1,0
BRDA:443,106,0,1
BRDA:443,106,1,1
BRDA:444,107,0,0
BRDA:444,107,1,0
BRDA:446,108,0,0
BRDA:446,108,1,1
BRDA:446,109,0,1
BRDA:446,109,1,0
BRDA:448,110,0,0
BRDA:448,110,1,0
BRDA:453,111,0,0
BRDA:453,111,1,1
BRDA:456,112,0,0
BRDA:456,112,1,0
BRDA:456,113,0,0
BRDA:456,113,1,0
BRDA:456,114,0,0
BRDA:456,114,1,0
BRDA:457,115,0,0
BRDA:457,115,1,0
BRDA:457,116,0,0
BRDA:457,116,1,0
BRDA:457,117,0,0
BRDA:457,117,1,0
BRF:239
BRH:50
end_of_record
TN:
SF:src/types/dispatch.ts
FN:2,(anonymous_0)
FN:22,(anonymous_1)
FN:32,(anonymous_2)
FNF:3
FNH:3
FNDA:1,(anonymous_0)
FNDA:1,(anonymous_1)
FNDA:1,(anonymous_2)
DA:2,1
DA:3,1
DA:4,1
DA:5,1
DA:6,1
DA:7,1
DA:8,1
DA:9,1
DA:10,1
DA:11,1
DA:12,1
DA:13,1
DA:14,1
DA:15,1
DA:16,1
DA:17,1
DA:18,1
DA:22,1
DA:23,1
DA:24,1
DA:25,1
DA:26,1
DA:27,1
DA:28,1
DA:32,1
DA:33,1
DA:34,1
DA:35,1
DA:36,1
DA:37,1
LF:30
LH:30
BRDA:2,0,0,1
BRDA:2,0,1,1
BRDA:22,1,0,1
BRDA:22,1,1,1
BRDA:32,2,0,1
BRDA:32,2,1,1
BRF:6
BRH:6
end_of_record
